Removed Pin From Net: NetName=NetC1_2 Pin=J1-1
Removed Pin From Net: NetName=NetC1_1 Pin=J1-2
Removed Pin From Net: NetName=NetP7_2 Pin=P13-1
Removed Pin From Net: NetName=NetC1_1 Pin=P24-2
Change Component Footprint: Designator=P7 Old Footprint=691313410002 New Footprint=691313410002
Change Component Footprint: Designator=P8 Old Footprint=691313410002 New Footprint=691313410002
Change Component Footprint: Designator=P9 Old Footprint=691313410002 New Footprint=691313410002
Change Component Footprint: Designator=P10 Old Footprint=691313410002 New Footprint=691313410002
Change Component Footprint: Designator=P11 Old Footprint=691313410002 New Footprint=691313410002
Change Component Footprint: Designator=P12 Old Footprint=691313410002 New Footprint=691313410002
Change Component Footprint: Designator=P14 Old Footprint=691313410002 New Footprint=691313410002
Change Component Footprint: Designator=P15 Old Footprint=691313410002 New Footprint=691313410002
Change Component Footprint: Designator=P17 Old Footprint=691313410002 New Footprint=691313410002
Change Component Footprint: Designator=P18 Old Footprint=691313410002 New Footprint=691313410002
Change Component Footprint: Designator=P19 Old Footprint=691313410002 New Footprint=691313410002
Change Component Footprint: Designator=P20 Old Footprint=691313410002 New Footprint=691313410002
Change Component Footprint: Designator=P21 Old Footprint=691313410002 New Footprint=691313410002
Change Component Footprint: Designator=P22 Old Footprint=691313410002 New Footprint=691313410002
Change Component Footprint: Designator=P23 Old Footprint=691313410002 New Footprint=691313410002
Change Component Comment : Designator=P21 Old Comment=SW10 New Comment=PowerIN
Change Component Designator: OldDesignator=P14 NewDesignator=P13
Change Component Designator: OldDesignator=P15 NewDesignator=P14
Change Component Designator: OldDesignator=P17 NewDesignator=P15
Change Component Designator: OldDesignator=P18 NewDesignator=P16
Change Component Designator: OldDesignator=P19 NewDesignator=P17
Change Component Designator: OldDesignator=P20 NewDesignator=P18
Change Component Designator: OldDesignator=P22 NewDesignator=P19
Change Component Designator: OldDesignator=P23 NewDesignator=P20
Added Pin To Net: NetName=NetP7_2 Pin=P8-2
Added Pin To Net: NetName=NetP7_2 Pin=P13-1
Added Pin To Net: NetName=NetP7_2 Pin=P14-1
Added Pin To Net: NetName=NetC1_2 Pin=P21-1
Change Net Name : Old Net Name=NetP14_2 New Net Name=NetP13_2
Change Net Name : Old Net Name=NetP15_2 New Net Name=NetP14_2
